<?xml version="1.0" encoding="UTF-8"?>
<!-- Generated by org.testng.reporters.JUnitReportReporter -->
<testsuite hostname="QUASPC1210" failures="0" tests="1" name="City_GIS_Map.City_GIS" time="37.499" errors="0" timestamp="3 Mar 2022 05:05:55 GMT">
  <testcase classname="City_GIS_Map.City_GIS" name="DSCL_CityGIS_74" time="37.499"/>
</testsuite> <!-- City_GIS_Map.City_GIS -->
