<?xml version="1.0" encoding="UTF-8"?>
<!-- Generated by org.testng.reporters.JUnitReportReporter -->
<testsuite hostname="QUASPC1210" failures="0" tests="1" name="City_GIS_Map.City_GIS" time="29.363" errors="0" timestamp="29 Mar 2022 07:16:53 GMT">
  <testcase classname="City_GIS_Map.City_GIS" name="DSCL_CityGIS_21" time="29.363"/>
</testsuite> <!-- City_GIS_Map.City_GIS -->
