<?xml version="1.0" encoding="UTF-8"?>
<!-- Generated by org.testng.reporters.JUnitReportReporter -->
<testsuite hostname="QUASPC1210" failures="0" tests="3" name="Application_Pages.About_DSCL" time="26.011" errors="0" timestamp="17 Feb 2022 14:17:17 GMT">
  <testcase classname="Application_Pages.About_DSCL" name="DSCL_About_DSCL_2" time="13.178"/>
  <testcase classname="Application_Pages.About_DSCL" name="DSCL_About_DSCL_3" time="7.475"/>
  <testcase classname="Application_Pages.About_DSCL" name="DSCL_About_DSCL_1" time="5.358"/>
</testsuite> <!-- Application_Pages.About_DSCL -->
