<?xml version="1.0" encoding="UTF-8"?>
<!-- Generated by org.testng.reporters.JUnitReportReporter -->
<testsuite hostname="QUASPC1210" failures="0" tests="5" name="Application_Pages.Home_Page" time="49.086" errors="0" timestamp="17 Feb 2022 14:17:17 GMT">
  <testcase classname="Application_Pages.Home_Page" name="DSCL_HOME_05" time="5.562"/>
  <testcase classname="Application_Pages.Home_Page" name="DSCL_HOME_03" time="9.481"/>
  <testcase classname="Application_Pages.Home_Page" name="DSCL_HOME_01" time="17.154"/>
  <testcase classname="Application_Pages.Home_Page" name="DSCL_HOME_04" time="5.508"/>
  <testcase classname="Application_Pages.Home_Page" name="DSCL_HOME_02" time="11.381"/>
</testsuite> <!-- Application_Pages.Home_Page -->
